生成启动时间为 2015/11/8 22:58:41。
     1>项目“C:\Users\Chen\Documents\GitHub\Compiler_Experiment_BUAA\Compiler\Compiler\Compiler.vcxproj”在节点 2 上(Build 个目标)。
     1>ClCompile:
         D:\Program Files (x86)\Microsoft Visual Studio 12.0\VC\bin\CL.exe /c /ZI /nologo /W3 /WX- /sdl /Od /Oy- /D WIN32 /D _DEBUG /D _CONSOLE /D _LIB /D _UNICODE /D UNICODE /Gm /EHsc /RTC1 /MDd /GS /fp:precise /Zc:wchar_t /Zc:forScope /Yu"stdafx.h" /Fp"Debug\Compiler.pch" /Fo"Debug\\" /Fd"Debug\vc120.pdb" /Gd /TP /analyze- /errorReport:prompt declare_analysis.cpp input.cpp main.cpp statement_analysis.cpp utils.cpp
         statement_analysis.cpp
     1>c:\users\chen\documents\github\compiler_experiment_buaa\compiler\compiler\statement_analysis.cpp(12): warning C4101: “paramnum”: 未引用的局部变量
     1>c:\users\chen\documents\github\compiler_experiment_buaa\compiler\compiler\statement_analysis.cpp(30): error C2228: “.c_str”的左边必须有类/结构/联合
                 类型是“int”
         main.cpp
         input.cpp
         declare_analysis.cpp
     1>c:\users\chen\documents\github\compiler_experiment_buaa\compiler\compiler\declare_analysis.cpp(11): error C2440: “=”: 无法从“std::string”转换为“int”
                 没有可用于执行该转换的用户定义的转换运算符，或者无法调用该运算符
         正在生成代码...
         正在编译...
         utils.cpp
         正在生成代码...
     1>已完成生成项目“C:\Users\Chen\Documents\GitHub\Compiler_Experiment_BUAA\Compiler\Compiler\Compiler.vcxproj”(Build 个目标)的操作 - 失败。

生成失败。

已用时间 00:00:03.16
